<?xml version="1.0" encoding="UTF-8"?>
<!-- Generated by org.testng.reporters.JUnitReportReporter -->
<testsuite skipped="0" hostname="ANITAPC" name="tests.CurrencyTests" tests="2" failures="0" timestamp="20 Aug 2018 16:52:58 GMT" time="11.452" errors="0">
  <testcase name="currencyEuroTest" time="8.322" classname="tests.CurrencyTests"/>
  <testcase name="currencyDollarTest" time="3.130" classname="tests.CurrencyTests"/>
</testsuite> <!-- tests.CurrencyTests -->
