<?xml version="1.0" encoding="UTF-8"?>
<!-- Generated by org.testng.reporters.JUnitReportReporter -->
<testsuite skipped="0" hostname="ANITAPC" name="tests.CompareTests" tests="2" failures="0" timestamp="20 Aug 2018 03:51:02 GMT" time="20.534" errors="0">
  <testcase name="cleanListTest" time="11.552" classname="tests.CompareTests"/>
  <testcase name="compareProductsTest" time="8.982" classname="tests.CompareTests"/>
</testsuite> <!-- tests.CompareTests -->
