<?xml version="1.0" encoding="UTF-8"?>
<!-- Generated by org.testng.reporters.JUnitReportReporter -->
<testsuite skipped="0" hostname="ANITAPC" name="tests.CheckoutTest" tests="2" failures="0" timestamp="12 Aug 2018 19:15:48 GMT" time="52.726" errors="0">
  <testcase name="creditTest" time="27.611" classname="tests.CheckoutTest"/>
  <testcase name="cashTest" time="25.115" classname="tests.CheckoutTest"/>
</testsuite> <!-- tests.CheckoutTest -->
