<?xml version="1.0" encoding="UTF-8"?>
<!-- Generated by org.testng.reporters.JUnitReportReporter -->
<testsuite skipped="0" hostname="ANITAPC" name="tests.Tests" tests="2" failures="0" timestamp="15 Aug 2018 01:13:24 GMT" time="21.737" errors="0">
  <testcase name="cashTest" time="13.333" classname="tests.Tests"/>
  <testcase name="cashTest" time="8.404" classname="tests.Tests"/>
</testsuite> <!-- tests.Tests -->
