<?xml version="1.0" encoding="UTF-8"?>
<!-- Generated by org.testng.reporters.JUnitReportReporter -->
<testsuite skipped="0" hostname="ANITAPC" name="tests.CheckoutTests" tests="2" failures="0" timestamp="20 Aug 2018 02:25:42 GMT" time="67.248" errors="0">
  <testcase name="cashTest" time="40.676" classname="tests.CheckoutTests"/>
  <testcase name="creditTest" time="26.572" classname="tests.CheckoutTests"/>
</testsuite> <!-- tests.CheckoutTests -->
